[debug] [2024-03-20T18:39:54.107Z] ----------------------------------------------------------------------
[debug] [2024-03-20T18:39:54.110Z] Command:       C:\Users\USER\DOWNLO~1\firebase-tools-instant-win.exe C:\Users\USER\.cache\firebase\tools\lib\node_modules\firebase-tools\lib\bin\firebase init
[debug] [2024-03-20T18:39:54.110Z] CLI Version:   13.5.2
[debug] [2024-03-20T18:39:54.111Z] Platform:      win32
[debug] [2024-03-20T18:39:54.111Z] Node Version:  v18.5.0
[debug] [2024-03-20T18:39:54.113Z] Time:          Wed Mar 20 2024 19:39:54 GMT+0100 (GMT+01:00)
[debug] [2024-03-20T18:39:54.113Z] ----------------------------------------------------------------------
[debug] 
[debug] [2024-03-20T18:39:54.125Z] > command requires scopes: ["email","openid","https://www.googleapis.com/auth/cloudplatformprojects.readonly","https://www.googleapis.com/auth/firebase","https://www.googleapis.com/auth/cloud-platform"]
[debug] [2024-03-20T18:39:54.126Z] > authorizing via signed-in user (eni.straub@gmail.com)
[info] 
     ######## #### ########  ######## ########     ###     ######  ########
     ##        ##  ##     ## ##       ##     ##  ##   ##  ##       ##
     ######    ##  ########  ######   ########  #########  ######  ######
     ##        ##  ##    ##  ##       ##     ## ##     ##       ## ##
     ##       #### ##     ## ######## ########  ##     ##  ######  ########

You're about to initialize a Firebase project in this directory:

  C:\Users\USER\Desktop\Projektmunka

[info] 
=== Project Setup
[info] 
[info] First, let's associate this project directory with a Firebase project.
[info] You can create multiple project aliases by running firebase use --add, 
[info] but for now we'll just set up a default project.
[info] 
[debug] [2024-03-20T18:40:54.938Z] >>> [apiv2][query] GET https://firebase.googleapis.com/v1beta1/projects pageSize=100
[debug] [2024-03-20T18:40:55.674Z] <<< [apiv2][status] GET https://firebase.googleapis.com/v1beta1/projects 200
[debug] [2024-03-20T18:40:55.675Z] <<< [apiv2][body] GET https://firebase.googleapis.com/v1beta1/projects [omitted]
[info] i  Using project project-niki (Project-Niki) 
[info] 
=== Hosting Setup
[debug] [2024-03-20T18:40:57.178Z] >>> [apiv2][query] GET https://firebase.googleapis.com/v1beta1/projects/project-niki [none]
[debug] [2024-03-20T18:40:57.662Z] <<< [apiv2][status] GET https://firebase.googleapis.com/v1beta1/projects/project-niki 200
[debug] [2024-03-20T18:40:57.665Z] <<< [apiv2][body] GET https://firebase.googleapis.com/v1beta1/projects/project-niki {"projectId":"project-niki","projectNumber":"484871667060","displayName":"Project-Niki","name":"projects/project-niki","resources":{"hostingSite":"project-niki"},"state":"ACTIVE","etag":"1_0083a105-42bb-4f54-9d24-12952a3594d6"}
[info] 
[info] Your public directory is the folder (relative to your project directory) that
[info] will contain Hosting assets to be uploaded with firebase deploy. If you
[info] have a build process for your assets, use your build's output directory.
[info] 
[info] +  Wrote public/404.html 
[debug] [2024-03-20T18:41:38.292Z] >>> [apiv2][query] GET https://www.gstatic.com/firebasejs/releases.json [none]
[debug] [2024-03-20T18:41:38.496Z] <<< [apiv2][status] GET https://www.gstatic.com/firebasejs/releases.json 200
[debug] [2024-03-20T18:41:38.497Z] <<< [apiv2][body] GET https://www.gstatic.com/firebasejs/releases.json {"current":{"version":"10.9.0","browserURL":"https://www.gstatic.com/firebasejs/10.9.0/firebase.js","packageURL":"https://www.gstatic.com/firebasejs/10.9.0/firebase.tgz"},"live":{"version":"10.9","browserURL":"https://www.gstatic.com/firebasejs/live/10.9/firebase.js","packageURL":"https://www.gstatic.com/firebasejs/live/10.9/firebase.tgz"},"components":{"analytics":"https://www.gstatic.com/firebasejs/10.9.0/firebase-analytics.js","app":"https://www.gstatic.com/firebasejs/10.9.0/firebase-app.js","app-check":"https://www.gstatic.com/firebasejs/10.9.0/firebase-app-check.js","auth":"https://www.gstatic.com/firebasejs/10.9.0/firebase-auth.js","auth/cordova":"https://www.gstatic.com/firebasejs/10.9.0/firebase-auth/cordova.js","auth/web-extension":"https://www.gstatic.com/firebasejs/10.9.0/firebase-auth/web-extension.js","functions":"https://www.gstatic.com/firebasejs/10.9.0/firebase-functions.js","firestore":"https://www.gstatic.com/firebasejs/10.9.0/firebase-firestore.js","firestore/lite":"https://www.gstatic.com/firebasejs/10.9.0/firebase-firestore/lite.js","installations":"https://www.gstatic.com/firebasejs/10.9.0/firebase-installations.js","storage":"https://www.gstatic.com/firebasejs/10.9.0/firebase-storage.js","performance":"https://www.gstatic.com/firebasejs/10.9.0/firebase-performance.js","remote-config":"https://www.gstatic.com/firebasejs/10.9.0/firebase-remote-config.js","messaging":"https://www.gstatic.com/firebasejs/10.9.0/firebase-messaging.js","messaging/sw":"https://www.gstatic.com/firebasejs/10.9.0/firebase-messaging/sw.js","database":"https://www.gstatic.com/firebasejs/10.9.0/firebase-database.js","firestore.memory":"https://www.gstatic.com/firebasejs/10.9.0/firebase-firestore.memory.js"}}
[info] +  Wrote public/index.html 
[info] 
[info] i  Didn't detect a .git folder. Assuming C:\Users\USER\Desktop\Projektmunka is the project root. 
[info] i  Authorizing with GitHub to upload your service account to a GitHub repository's secrets store. 
[info] 
[info] Visit this URL on this device to log in:
[info] https://github.com/login/oauth/authorize?client_id=89cf50f02ac6aaed3484&state=167891486&redirect_uri=http%3A%2F%2Flocalhost%3A9005&scope=read%3Auser%20repo%20public_repo
[info] 
[info] Waiting for authentication...
[debug] [2024-03-20T18:42:29.366Z] >>> [apiv2][query] POST https://github.com/login/oauth/access_token [none]
[debug] [2024-03-20T18:42:29.366Z] >>> [apiv2][body] POST https://github.com/login/oauth/access_token [stream]
[debug] [2024-03-20T18:42:29.701Z] <<< [apiv2][status] POST https://github.com/login/oauth/access_token 200
[debug] [2024-03-20T18:42:29.702Z] <<< [apiv2][body] POST https://github.com/login/oauth/access_token {"access_token":"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","token_type":"bearer","scope":"read:user,repo"}
[debug] [2024-03-20T18:42:29.733Z] >>> [apiv2][query] GET https://api.github.com/user [none]
[debug] [2024-03-20T18:42:30.051Z] <<< [apiv2][status] GET https://api.github.com/user 200
[debug] [2024-03-20T18:42:30.051Z] <<< [apiv2][body] GET https://api.github.com/user {"login":"Senico8","id":126915966,"node_id":"U_kgDOB5CVfg","avatar_url":"https://avatars.githubusercontent.com/u/126915966?v=4","gravatar_id":"","url":"https://api.github.com/users/Senico8","html_url":"https://github.com/Senico8","followers_url":"https://api.github.com/users/Senico8/followers","following_url":"https://api.github.com/users/Senico8/following{/other_user}","gists_url":"https://api.github.com/users/Senico8/gists{/gist_id}","starred_url":"https://api.github.com/users/Senico8/starred{/owner}{/repo}","subscriptions_url":"https://api.github.com/users/Senico8/subscriptions","organizations_url":"https://api.github.com/users/Senico8/orgs","repos_url":"https://api.github.com/users/Senico8/repos","events_url":"https://api.github.com/users/Senico8/events{/privacy}","received_events_url":"https://api.github.com/users/Senico8/received_events","type":"User","site_admin":false,"name":null,"company":null,"blog":"","location":null,"email":null,"hireable":null,"bio":null,"twitter_username":null,"public_repos":1,"public_gists":0,"followers":0,"following":0,"created_at":"2023-03-03T20:36:11Z","updated_at":"2023-07-22T11:04:54Z","private_gists":0,"total_private_repos":0,"owned_private_repos":0,"disk_usage":419,"collaborators":0,"two_factor_authentication":false,"plan":{"name":"free","space":976562499,"collaborators":0,"private_repos":10000}}
[info] 
[info] +  Success! Logged into GitHub as Senico8 
[info] 
[debug] [2024-03-20T18:44:57.782Z] >>> [apiv2][query] GET https://api.github.com/repos/Senico8/Projektmunka/actions/secrets/public-key type=owner
[debug] [2024-03-20T18:44:58.075Z] <<< [apiv2][status] GET https://api.github.com/repos/Senico8/Projektmunka/actions/secrets/public-key 404
[debug] [2024-03-20T18:44:58.076Z] <<< [apiv2][body] GET https://api.github.com/repos/Senico8/Projektmunka/actions/secrets/public-key {"message":"Not Found","documentation_url":"https://docs.github.com/rest/actions/secrets#get-a-repository-public-key"}
[info] 
[info] 
[error] !  The provided authorization cannot be used with this repository. If this repository is in an organization, did you remember to grant access? 
[info] 
[info] i  Action required: Visit this URL to ensure access has been granted to the appropriate organization(s) for the Firebase CLI GitHub OAuth App: 
[info] https://github.com/settings/connections/applications/89cf50f02ac6aaed3484
[info] 
[debug] [2024-03-20T18:45:21.684Z] >>> [apiv2][query] GET https://api.github.com/repos/Senico8/Projektmunka/actions/secrets/public-key type=owner
[debug] [2024-03-20T18:45:21.981Z] <<< [apiv2][status] GET https://api.github.com/repos/Senico8/Projektmunka/actions/secrets/public-key 404
[debug] [2024-03-20T18:45:21.981Z] <<< [apiv2][body] GET https://api.github.com/repos/Senico8/Projektmunka/actions/secrets/public-key {"message":"Not Found","documentation_url":"https://docs.github.com/rest/actions/secrets#get-a-repository-public-key"}
[info] 
[info] 
[error] !  The provided authorization cannot be used with this repository. If this repository is in an organization, did you remember to grant access? 
[info] 
[info] i  Action required: Visit this URL to ensure access has been granted to the appropriate organization(s) for the Firebase CLI GitHub OAuth App: 
[info] https://github.com/settings/connections/applications/89cf50f02ac6aaed3484
[info] 
